#
# There is insufficient memory for the Java Runtime Environment to continue.
# Native memory allocation (mmap) failed to map 1073741824 bytes for G1 virtual space
# Possible reasons:
#   The system is out of physical RAM or swap space
#   The process is running with CompressedOops enabled, and the Java Heap may be blocking the growth of the native heap
# Possible solutions:
#   Reduce memory load on the system
#   Increase physical memory or swap space
#   Check if swap backing store is full
#   Decrease Java heap size (-Xmx/-Xms)
#   Decrease number of Java threads
#   Decrease Java thread stack sizes (-Xss)
#   Set larger code cache with -XX:ReservedCodeCacheSize=
#   JVM is running with Zero Based Compressed Oops mode in which the Java heap is
#     placed in the first 32GB address space. The Java Heap base address is the
#     maximum limit for the native heap growth. Please use -XX:HeapBaseMinAddress
#     to set the Java Heap base and to place the Java Heap above 32GB virtual address.
# This output file may be truncated or incomplete.
#
#  Out of Memory Error (os_windows.cpp:3469), pid=15940, tid=13428
#
# JRE version:  (17.0+35) (build )
# Java VM: OpenJDK 64-Bit Server VM (17+35-2724, mixed mode, sharing, tiered, compressed oops, compressed class ptrs, g1 gc, windows-amd64)
# No core dump will be written. Minidumps are not enabled by default on client versions of Windows
#

---------------  S U M M A R Y ------------

Command Line: -Dloci.bioformats.loaded=true -Djava.util.prefs.PreferencesFactory=org.cellprofiler.headlesspreferences.HeadlessPreferencesFactory -Djava.awt.headless=true 

Host: Intel(R) Core(TM) i7-9700K CPU @ 3.60GHz, 8 cores, 63G,  Windows 10 , 64 bit Build 18362 (10.0.18362.1766)
Time: Mon Nov 15 11:52:25 2021 Eastern Standard Time elapsed time: 0.033995 seconds (0d 0h 0m 0s)

---------------  T H R E A D  ---------------

Current thread (0x000001e1364dc730):  JavaThread "Unknown thread" [_thread_in_vm, id=13428, stack(0x000000232e4e0000,0x000000232e6d0000)]

Stack: [0x000000232e4e0000,0x000000232e6d0000]
Native frames: (J=compiled Java code, j=interpreted, Vv=VM code, C=native code)
V  [jvm.dll+0x66f8ea]
V  [jvm.dll+0x7ce224]
V  [jvm.dll+0x7cf9ce]
V  [jvm.dll+0x7d0033]
V  [jvm.dll+0x242bb5]
V  [jvm.dll+0x66c909]
V  [jvm.dll+0x6613d2]
V  [jvm.dll+0x30082b]
V  [jvm.dll+0x307db6]
V  [jvm.dll+0x357a0e]
V  [jvm.dll+0x357c3f]
V  [jvm.dll+0x2d7ae8]
V  [jvm.dll+0x2d8a54]
V  [jvm.dll+0x7a00a1]
V  [jvm.dll+0x365781]
V  [jvm.dll+0x77f59c]
V  [jvm.dll+0x3e805f]
V  [jvm.dll+0x3e9b01]
C  [_javabridge.cp38-win_amd64.pyd+0x28a2c]
C  [python38.dll+0x6d7a8]
C  [python38.dll+0x8805f]
C  [python38.dll+0x84838]
C  [python38.dll+0x85fbf]
C  [python38.dll+0x3c56a]
C  [python38.dll+0x3c3fb]
C  [python38.dll+0x8ca6c]
C  [python38.dll+0x88ced]
C  [python38.dll+0x88ced]
C  [python38.dll+0x85edd]
C  [python38.dll+0x8450c]
C  [python38.dll+0x3c56a]
C  [python38.dll+0x3ab91]
C  [python38.dll+0xa238f]
C  [python38.dll+0xa2316]
C  [ucrtbase.dll+0x210b2]
C  [KERNEL32.DLL+0x17c24]
C  [ntdll.dll+0x6d721]


---------------  P R O C E S S  ---------------

Threads class SMR info:
_java_thread_list=0x00007ffe06117818, length=0, elements={
}

Java Threads: ( => current thread )

Other Threads:
  0x000001e136415070 GCTaskThread "GC Thread#0" [stack: 0x000000232e6d0000,0x000000232e8c0000] [id=13976]
  0x000001e139583ac0 ConcurrentGCThread "G1 Main Marker" [stack: 0x000000232e8c0000,0x000000232eab0000] [id=8160]
  0x000001e136415b30 ConcurrentGCThread "G1 Conc#0" [stack: 0x000000232eab0000,0x000000232eca0000] [id=9072]

[error occurred during error reporting (printing all threads), id 0xc0000005, EXCEPTION_ACCESS_VIOLATION (0xc0000005) at pc=0x00007ffe059684c7]

VM state: not at safepoint (not fully initialized)

VM Mutex/Monitor currently owned by a thread:  ([mutex/lock_event])
[0x000001e139563390] Heap_lock - owner thread: 0x000001e1364dc730

Heap address: 0x0000000402000000, size: 16352 MB, Compressed Oops mode: Zero based, Oop shift amount: 3

CDS archive(s) mapped at: [0x0000000000000000-0x0000000000000000-0x0000000000000000), size 0, SharedBaseAddress: 0x0000000800000000, ArchiveRelocationMode: 0.
Narrow klass base: 0x0000000000000000, Narrow klass shift: 0, Narrow klass range: 0x0

GC Precious Log:
<Empty>

Heap:
 garbage-first heap   total 0K, used 0K [0x0000000402000000, 0x0000000800000000)
  region size 8192K, 0 young (0K), 0 survivors (0K)

[error occurred during error reporting (printing heap information), id 0xc0000005, EXCEPTION_ACCESS_VIOLATION (0xc0000005) at pc=0x00007ffe05d48c59]

GC Heap History (0 events):
No events

Deoptimization events (0 events):
No events

Classes unloaded (0 events):
No events

Classes redefined (0 events):
No events

Internal exceptions (0 events):
No events

VM Operations (0 events):
No events

Events (1 events):
Event: 0.029 Loaded shared library C:\Program Files (x86)\Java\jdk-17\bin\java.dll


Dynamic libraries:
0x00007ff614bf0000 - 0x00007ff614c0c000 	C:\Program Files\Python38\python.exe
0x00007ffe4bbe0000 - 0x00007ffe4bdd0000 	C:\Windows\SYSTEM32\ntdll.dll
0x00007ffe4b0b0000 - 0x00007ffe4b163000 	C:\Windows\System32\KERNEL32.DLL
0x00007ffe49810000 - 0x00007ffe49ab6000 	C:\Windows\System32\KERNELBASE.dll
0x00007ffe48b70000 - 0x00007ffe48c6a000 	C:\Windows\System32\ucrtbase.dll
0x00007ffe2f690000 - 0x00007ffe2f6a9000 	C:\Program Files\Python38\VCRUNTIME140.dll
0x00007ffe0db40000 - 0x00007ffe0df6f000 	C:\Program Files\Python38\python38.dll
0x00007ffe4a8b0000 - 0x00007ffe4a902000 	C:\Windows\System32\SHLWAPI.dll
0x00007ffe4ac30000 - 0x00007ffe4acce000 	C:\Windows\System32\msvcrt.dll
0x00007ffe42b20000 - 0x00007ffe42b2a000 	C:\Windows\SYSTEM32\VERSION.dll
0x00007ffe4a0f0000 - 0x00007ffe4a426000 	C:\Windows\System32\combase.dll
0x00007ffe49f00000 - 0x00007ffe4a01f000 	C:\Windows\System32\RPCRT4.dll
0x00007ffe49af0000 - 0x00007ffe49b74000 	C:\Windows\System32\bcryptPrimitives.dll
0x00007ffe4afd0000 - 0x00007ffe4aff6000 	C:\Windows\System32\GDI32.dll
0x00007ffe497e0000 - 0x00007ffe49801000 	C:\Windows\System32\win32u.dll
0x00007ffe48c70000 - 0x00007ffe48e08000 	C:\Windows\System32\gdi32full.dll
0x00007ffe49590000 - 0x00007ffe4962e000 	C:\Windows\System32\msvcp_win.dll
0x00007ffe49c80000 - 0x00007ffe49e14000 	C:\Windows\System32\USER32.dll
0x00007ffe4bb00000 - 0x00007ffe4bb6f000 	C:\Windows\System32\WS2_32.dll
0x00007ffe4b000000 - 0x00007ffe4b0a3000 	C:\Windows\System32\ADVAPI32.dll
0x00007ffe4b230000 - 0x00007ffe4b2c7000 	C:\Windows\System32\sechost.dll
0x00007ffe4bb70000 - 0x00007ffe4bb9e000 	C:\Windows\System32\IMM32.DLL
0x00007ffe48b50000 - 0x00007ffe48b67000 	C:\Windows\System32\CRYPTSP.dll
0x00007ffe47770000 - 0x00007ffe477a3000 	C:\Windows\system32\rsaenh.dll
0x00007ffe49ac0000 - 0x00007ffe49ae6000 	C:\Windows\System32\bcrypt.dll
0x00007ffe47da0000 - 0x00007ffe47dac000 	C:\Windows\SYSTEM32\CRYPTBASE.dll
0x00007ffe40410000 - 0x00007ffe4041f000 	C:\Program Files\Python38\python3.DLL
0x00007ffe2f1a0000 - 0x00007ffe2f1b7000 	C:\Program Files\Python38\DLLs\_bz2.pyd
0x00007ffe26510000 - 0x00007ffe2653a000 	C:\Program Files\Python38\DLLs\_lzma.pyd
0x00007ffe23250000 - 0x00007ffe23266000 	C:\Program Files\Python38\DLLs\_socket.pyd
0x00007ffe47900000 - 0x00007ffe4793a000 	C:\Windows\SYSTEM32\IPHLPAPI.DLL
0x00007ffe403d0000 - 0x00007ffe403d9000 	C:\Program Files\Python38\DLLs\select.pyd
0x00007ffe31ac0000 - 0x00007ffe31ac9000 	C:\Program Files\Python38\DLLs\_queue.pyd
0x00007ffe23140000 - 0x00007ffe23161000 	C:\Program Files\Python38\DLLs\_ctypes.pyd
0x00007ffe4aad0000 - 0x00007ffe4ac27000 	C:\Windows\System32\ole32.dll
0x00007ffe2f680000 - 0x00007ffe2f68b000 	C:\Program Files\Python38\DLLs\libffi-7.dll
0x00007ffe4a020000 - 0x00007ffe4a0e5000 	C:\Windows\System32\OLEAUT32.dll
0x000000006f7c0000 - 0x0000000071448000 	C:\Program Files\Python38\lib\site-packages\numpy\.libs\libopenblas.PYQHXLVVQ7VESDPUVUADXEVJOBGHJPAY.gfortran-win_amd64.dll
0x00007ffe0d860000 - 0x00007ffe0db3f000 	C:\Program Files\Python38\lib\site-packages\numpy\core\_multiarray_umath.cp38-win_amd64.pyd
0x00007ffe23110000 - 0x00007ffe23132000 	C:\Program Files\Python38\lib\site-packages\numpy\core\_multiarray_tests.cp38-win_amd64.pyd
0x00007ffe2f190000 - 0x00007ffe2f19c000 	C:\Program Files\Python38\lib\site-packages\numpy\linalg\lapack_lite.cp38-win_amd64.pyd
0x00007ffe22aa0000 - 0x00007ffe22ac6000 	C:\Program Files\Python38\lib\site-packages\numpy\linalg\_umath_linalg.cp38-win_amd64.pyd
0x00007ffe210f0000 - 0x00007ffe21133000 	C:\Program Files\Python38\DLLs\_decimal.pyd
0x00007ffe231b0000 - 0x00007ffe231d0000 	C:\Program Files\Python38\lib\site-packages\numpy\fft\_pocketfft_internal.cp38-win_amd64.pyd
0x00007ffe21050000 - 0x00007ffe210e2000 	C:\Program Files\Python38\lib\site-packages\numpy\random\mtrand.cp38-win_amd64.pyd
0x00007ffe22a70000 - 0x00007ffe22a9d000 	C:\Program Files\Python38\lib\site-packages\numpy\random\_bit_generator.cp38-win_amd64.pyd
0x00007ffe21010000 - 0x00007ffe21042000 	C:\Program Files\Python38\lib\site-packages\numpy\random\_common.cp38-win_amd64.pyd
0x00007ffe2b670000 - 0x00007ffe2b67d000 	C:\Program Files\Python38\DLLs\_hashlib.pyd
0x00007ffe0cb70000 - 0x00007ffe0ceb6000 	C:\Program Files\Python38\DLLs\libcrypto-1_1.dll
0x00007ffe17540000 - 0x00007ffe17592000 	C:\Program Files\Python38\lib\site-packages\numpy\random\_bounded_integers.cp38-win_amd64.pyd
0x00007ffe230f0000 - 0x00007ffe2310e000 	C:\Program Files\Python38\lib\site-packages\numpy\random\_mt19937.cp38-win_amd64.pyd
0x00007ffe20ff0000 - 0x00007ffe21008000 	C:\Program Files\Python38\lib\site-packages\numpy\random\_philox.cp38-win_amd64.pyd
0x00007ffe20010000 - 0x00007ffe20026000 	C:\Program Files\Python38\lib\site-packages\numpy\random\_pcg64.cp38-win_amd64.pyd
0x00007ffe1f830000 - 0x00007ffe1f843000 	C:\Program Files\Python38\lib\site-packages\numpy\random\_sfc64.cp38-win_amd64.pyd
0x00007ffe17080000 - 0x00007ffe17128000 	C:\Program Files\Python38\lib\site-packages\numpy\random\_generator.cp38-win_amd64.pyd
0x00007ffe152f0000 - 0x00007ffe1533c000 	C:\Program Files\Python38\lib\site-packages\javabridge\_javabridge.cp38-win_amd64.pyd
0x00007ffe05680000 - 0x00007ffe0623e000 	C:\Program Files (x86)\Java\jdk-17\bin\server\jvm.dll
0x00007ffe4aab0000 - 0x00007ffe4aab8000 	C:\Windows\System32\PSAPI.DLL
0x00007ffe45e10000 - 0x00007ffe45e34000 	C:\Windows\SYSTEM32\WINMM.dll
0x00007ffe31f80000 - 0x00007ffe31f89000 	C:\Windows\SYSTEM32\WSOCK32.dll
0x00007ffe45990000 - 0x00007ffe459bd000 	C:\Windows\SYSTEM32\winmmbase.dll
0x00007ffe49c30000 - 0x00007ffe49c7a000 	C:\Windows\System32\cfgmgr32.dll
0x00007ffe26500000 - 0x00007ffe2650c000 	C:\Program Files\Python38\VCRUNTIME140_1.dll
0x00007ffe189f0000 - 0x00007ffe18a17000 	C:\Program Files\Python38\DLLs\_ssl.pyd
0x00007ffe49690000 - 0x00007ffe497da000 	C:\Windows\System32\CRYPT32.dll
0x00007ffe48b10000 - 0x00007ffe48b22000 	C:\Windows\System32\MSASN1.dll
0x00007ffe15240000 - 0x00007ffe152ec000 	C:\Program Files\Python38\DLLs\libssl-1_1.dll
0x00007ffe47b80000 - 0x00007ffe47be7000 	C:\Windows\system32\mswsock.dll
0x00007ffe17f90000 - 0x00007ffe17fbd000 	C:\Program Files\Python38\DLLs\_elementtree.pyd
0x00007ffe17ac0000 - 0x00007ffe17af0000 	C:\Program Files\Python38\DLLs\pyexpat.pyd
0x00007ffe1f810000 - 0x00007ffe1f821000 	C:\Program Files\Python38\lib\site-packages\h5py\_errors.cp38-win_amd64.pyd
0x00007ffe0c870000 - 0x00007ffe0cb67000 	C:\Program Files\Python38\lib\site-packages\h5py\hdf5.dll
0x00007ffe1b660000 - 0x00007ffe1b67b000 	C:\Program Files\Python38\lib\site-packages\h5py\h5.cp38-win_amd64.pyd
0x00007ffe16380000 - 0x00007ffe163b0000 	C:\Program Files\Python38\lib\site-packages\h5py\defs.cp38-win_amd64.pyd
0x00007ffe16230000 - 0x00007ffe16252000 	C:\Program Files\Python38\lib\site-packages\h5py\hdf5_hl.dll
0x00007ffe199d0000 - 0x00007ffe199f0000 	C:\Program Files\Python38\lib\site-packages\h5py\_objects.cp38-win_amd64.pyd
0x00007ffe17520000 - 0x00007ffe17535000 	C:\Program Files\Python38\lib\site-packages\h5py\_conv.cp38-win_amd64.pyd
0x00007ffe17190000 - 0x00007ffe171a5000 	C:\Program Files\Python38\lib\site-packages\h5py\h5r.cp38-win_amd64.pyd
0x00007ffe151d0000 - 0x00007ffe15237000 	C:\Program Files\Python38\lib\site-packages\h5py\h5t.cp38-win_amd64.pyd
0x00007ffe150c0000 - 0x00007ffe150d1000 	C:\Program Files\Python38\lib\site-packages\h5py\utils.cp38-win_amd64.pyd
0x00007ffe26290000 - 0x00007ffe2629f000 	C:\Program Files\Python38\lib\site-packages\h5py\h5z.cp38-win_amd64.pyd
0x00007ffe15090000 - 0x00007ffe150b3000 	C:\Program Files\Python38\lib\site-packages\h5py\h5a.cp38-win_amd64.pyd
0x00007ffe15070000 - 0x00007ffe1508d000 	C:\Program Files\Python38\lib\site-packages\h5py\h5s.cp38-win_amd64.pyd
0x00007ffe15010000 - 0x00007ffe15066000 	C:\Program Files\Python38\lib\site-packages\h5py\h5p.cp38-win_amd64.pyd
0x00007ffe14ff0000 - 0x00007ffe15003000 	C:\Program Files\Python38\lib\site-packages\h5py\h5ac.cp38-win_amd64.pyd
0x00007ffe23b30000 - 0x00007ffe23b3f000 	C:\Program Files\Python38\lib\site-packages\h5py\_proxy.cp38-win_amd64.pyd
0x00007ffe14fc0000 - 0x00007ffe14fe1000 	C:\Program Files\Python38\lib\site-packages\h5py\h5d.cp38-win_amd64.pyd
0x00007ffe14fa0000 - 0x00007ffe14fb6000 	C:\Program Files\Python38\lib\site-packages\h5py\h5ds.cp38-win_amd64.pyd
0x00007ffe14f70000 - 0x00007ffe14f92000 	C:\Program Files\Python38\lib\site-packages\h5py\h5f.cp38-win_amd64.pyd
0x00007ffe14f40000 - 0x00007ffe14f68000 	C:\Program Files\Python38\lib\site-packages\h5py\h5g.cp38-win_amd64.pyd
0x00007ffe14f20000 - 0x00007ffe14f32000 	C:\Program Files\Python38\lib\site-packages\h5py\h5i.cp38-win_amd64.pyd
0x00007ffe14e40000 - 0x00007ffe14e6d000 	C:\Program Files\Python38\lib\site-packages\h5py\h5fd.cp38-win_amd64.pyd
0x00007ffe23240000 - 0x00007ffe2324e000 	C:\Program Files\Python38\lib\site-packages\h5py\h5pl.cp38-win_amd64.pyd
0x00007ffe14de0000 - 0x00007ffe14e00000 	C:\Program Files\Python38\lib\site-packages\h5py\h5o.cp38-win_amd64.pyd
0x00007ffe14d30000 - 0x00007ffe14d4c000 	C:\Program Files\Python38\lib\site-packages\h5py\h5l.cp38-win_amd64.pyd
0x00007ffe13b20000 - 0x00007ffe13bc7000 	C:\Program Files\Python38\lib\site-packages\matplotlib\ft2font.cp38-win_amd64.pyd
0x00007ffe13a80000 - 0x00007ffe13b1b000 	C:\Program Files\Python38\lib\site-packages\matplotlib\MSVCP140.dll
0x00007ffe14d00000 - 0x00007ffe14d22000 	C:\Program Files\Python38\lib\site-packages\kiwisolver.cp38-win_amd64.pyd
0x000000006cfd0000 - 0x000000006cff6000 	C:\Program Files\Python38\lib\site-packages\win32\win32api.pyd
0x00007ffe4b410000 - 0x00007ffe4baf7000 	C:\Windows\System32\SHELL32.dll
0x00007ffe4b170000 - 0x00007ffe4b219000 	C:\Windows\System32\shcore.dll
0x00007ffe48e10000 - 0x00007ffe4958b000 	C:\Windows\System32\windows.storage.dll
0x00007ffe48b30000 - 0x00007ffe48b4e000 	C:\Windows\System32\profapi.dll
0x00007ffe48aa0000 - 0x00007ffe48aea000 	C:\Windows\System32\powrprof.dll
0x00007ffe48a90000 - 0x00007ffe48aa0000 	C:\Windows\System32\UMPDC.dll
0x00007ffe48af0000 - 0x00007ffe48b01000 	C:\Windows\System32\kernel.appcore.dll
0x000000006cfa0000 - 0x000000006cfc9000 	C:\Program Files\Python38\lib\site-packages\pywin32_system32\pywintypes38.dll
0x00007ffe31b60000 - 0x00007ffe31b6c000 	C:\Windows\SYSTEM32\secur32.dll
0x00007ffe48980000 - 0x00007ffe489af000 	C:\Windows\SYSTEM32\SSPICLI.DLL
0x000000006cf90000 - 0x000000006cf99000 	C:\Program Files\Python38\lib\site-packages\win32\_win32sysloader.pyd
0x0000000067ea0000 - 0x0000000067f3b000 	C:\Program Files\Python38\lib\site-packages\pywin32_system32\pythoncom38.dll
0x00007ffe461d0000 - 0x00007ffe46269000 	C:\Windows\system32\uxtheme.dll
0x00007ffe3e710000 - 0x00007ffe3e8e5000 	C:\Windows\SYSTEM32\urlmon.dll
0x00007ffe3cbc0000 - 0x00007ffe3ce67000 	C:\Windows\SYSTEM32\iertutil.dll
0x00007ffe3e6e0000 - 0x00007ffe3e706000 	C:\Windows\SYSTEM32\srvcli.dll
0x00007ffe47a10000 - 0x00007ffe47a1c000 	C:\Windows\SYSTEM32\netutils.dll
0x0000000000640000 - 0x0000000000668000 	C:\Program Files\Python38\lib\site-packages\scipy\.libs\libansari.R6EA3HQP5KZ6TAXU4Y4ZVTRPT7UVA53Z.gfortran-win_amd64.dll
0x0000000000670000 - 0x0000000000716000 	C:\Program Files\Python38\lib\site-packages\scipy\.libs\libbanded5x.K3D3RYABWCJCKRJIPTHJX6YYXRANIVDT.gfortran-win_amd64.dll
0x000000006a000000 - 0x000000006bc40000 	C:\Program Files\Python38\lib\site-packages\scipy\.libs\libopenblas.3HBPCJB5BPQGKWVZAVEBXNNJ2Q2G3TUP.gfortran-win_amd64.dll
0x0000000000720000 - 0x00000000008df000 	C:\Program Files\Python38\lib\site-packages\scipy\.libs\libbispeu.7AH3PCQ2E2NGLC3AQD7FFAH73KGJTZCJ.gfortran-win_amd64.dll
0x00000000008e0000 - 0x0000000000983000 	C:\Program Files\Python38\lib\site-packages\scipy\.libs\libblkdta00.NL6RI7U2RUD4WXLTMPFWPTZQM4U3MWC5.gfortran-win_amd64.dll
0x000000006dc40000 - 0x000000006dc8a000 	C:\Program Files\Python38\lib\site-packages\scipy\.libs\libchkder.G7WSOGIYYQO3UWFVEZ3PPXCXR53ADVPA.gfortran-win_amd64.dll
0x0000000066f80000 - 0x0000000067021000 	C:\Program Files\Python38\lib\site-packages\scipy\.libs\libcobyla2.25EVUSEBAW7VKISARB7LO3UGZPN2HXE3.gfortran-win_amd64.dll
0x0000000063400000 - 0x0000000063418000 	C:\Program Files\Python38\lib\site-packages\scipy\.libs\libdcsrch.I2AOPDCXAPDRFNPWY55H5UE7XZSU5CVN.gfortran-win_amd64.dll
0x000000006e980000 - 0x000000006e99e000 	C:\Program Files\Python38\lib\site-packages\scipy\.libs\libdet.XRXHW4LE2G2YS2RUSRU2FLW6A5OAXXMS.gfortran-win_amd64.dll
0x0000000067140000 - 0x00000000672c8000 	C:\Program Files\Python38\lib\site-packages\scipy\.libs\libdfft.L4EKTBUHZHANTVZDXF4JZX3XSFY53NI2.gfortran-win_amd64.dll
0x0000000066200000 - 0x00000000663bf000 	C:\Program Files\Python38\lib\site-packages\scipy\.libs\libdfitpack.LMAPXDO5462XTHNWXJBZFJU252ZVABKI.gfortran-win_amd64.dll
0x00000000624c0000 - 0x000000006272a000 	C:\Program Files\Python38\lib\site-packages\scipy\.libs\libdgamln.67I3GAJFMTIMGASTZTNP2GCYVL5S3627.gfortran-win_amd64.dll

dbghelp: loaded successfully - version: 4.0.5 - missing functions: none
symbol engine: initialized successfully - sym options: 0x614 - pdb path: .;C:\Program Files\Python38;C:\Windows\SYSTEM32;C:\Program Files\Python38\DLLs;C:\Program Files\Python38\lib\site-packages\numpy\.libs;C:\Program Files\Python38\lib\site-packages\numpy\core;C:\Program Files\Python38\lib\site-packages\numpy\linalg;C:\Program Files\Python38\lib\site-packages\numpy\fft;C:\Program Files\Python38\lib\site-packages\numpy\random;C:\Program Files\Python38\lib\site-packages\javabridge;C:\Program Files (x86)\Java\jdk-17\bin\server;C:\Program Files\Python38\lib\site-packages\h5py;C:\Program Files\Python38\lib\site-packages\matplotlib;C:\Program Files\Python38\lib\site-packages;C:\Program Files\Python38\lib\site-packages\win32;C:\Program Files\Python38\lib\site-packages\pywin32_system32;C:\Program Files\Python38\lib\site-packages\scipy\.libs;C:\Program Files\Python38\lib\site-packages\scipy\_lib;C:\Program Files\Python38\lib\site-packages\scipy\_lib\_uarray;C:\Program Files\Python38\lib\site-packages\scipy\fft\_pocketfft;C:\Program Files\Python38\lib\site-packages\scipy\ndimage;C:\Program Files\Python38\lib\site-packages\scipy\special;C:\Program Files\Python38\lib\site-packages\scipy\linalg;C:\Program Files\Python38\lib\site-packages\scipy\sparse;C:\Program Files\Python38\lib\site-packages\scipy\sparse\csgraph;C:\Program Files\Python38\lib\site-packages\skimage\_shared;C:\Program Files\Python38\lib\site-packages\skimage\util;C:\Program Files\Python38\lib\site-packages\psutil;C:\Program Files\Python38\lib\site-packages\scipy\io\matlab;C:\Program Files\Python38\lib\site-packages\skimage\draw;C:\Program Files\Python38\lib\site-packages\skimage\measure;C:\Program Files\Python38\lib\site-packages\scipy\signal;C:\Program Files\Python38\lib\site-packages\scipy\optimize;C:\Program Files\Python38\lib\site-packages\scipy\sparse\linalg\isolve;C:\Program Files\Python38\lib\site-packages\scipy\sparse\linalg\dsolve;C:\Program Files\Python38\lib\site-packages\scipy\sparse\linalg\eigen\arpack;C:\Program Files\Python38\lib\site-packages\scipy\optimize\_trlib;C:\Program Files\Python38\lib\site-packages\scipy\optimize\_lsq;C:\Program Files\Python38\lib\site-packages\scipy\spatial;C:\Program Files\Python38\lib\site-packages\scipy\integrate;C:\Program Files\Python38\lib\site-packages\scipy\interpolate;C:\Program Files\Python38\lib\site-packages\scipy\stats;C:\Program Files\Python38\lib\site-packages\skimage\morphology;C:\Program Files\Python38\lib\site-packages\skimage\restoration;C:\Program Files\Python38\lib\site-packages\pywt\_extensions;C:\Program Files\Python38\lib\site-packages\skimage\transform;C:\Program Files\Python38\lib\site-packages\skimage\filters;C:\Program Files\Python38\lib\site-packages\skimage\feature;C:\Program Files\Python38\lib\site-packages\skimage\filters\rank;C:\Program Files\Python38\lib\site-packages\PIL;C:\Program Files\Python38\lib\site-packages\zmq;C:\Program Files\Python38\lib\site-packages\zmq\backend\cython;C:\Program Files\Python38\lib\site-packages\wx;C:\Windows\WinSxS\amd64_microsoft.windows.common-controls_6595b64144ccf1df_6.0.18362.1854_none_9e7e6453e45e0f86;C:\Program Files (x86)\Java\jdk-17\bin

VM Arguments:
jvm_args: -Dloci.bioformats.loaded=true -Djava.util.prefs.PreferencesFactory=org.cellprofiler.headlesspreferences.HeadlessPreferencesFactory -Djava.awt.headless=true 
java_command: <unknown>
java_class_path (initial): C:\Program Files\Python38\Lib\site-packages\javabridge\jars\rhino-1.7R4.jar;C:\Program Files\Python38\Lib\site-packages\javabridge\jars\runnablequeue.jar;C:\Program Files\Python38\Lib\site-packages\javabridge\jars\cpython.jar;C:\Program Files\Python38\lib\site-packages\prokaryote\prokaryote-2.4.2.jar;C:\Program Files\Java\jdk-17\lib\tools.jar
Launcher Type: generic

[Global flags]
     intx CICompilerCount                          = 4                                         {product} {ergonomic}
     uint ConcGCThreads                            = 2                                         {product} {ergonomic}
     uint G1ConcRefinementThreads                  = 8                                         {product} {ergonomic}
   size_t G1HeapRegionSize                         = 8388608                                   {product} {ergonomic}
    uintx GCDrainStackTargetSize                   = 64                                        {product} {ergonomic}
   size_t InitialHeapSize                          = 1073741824                                {product} {ergonomic}
   size_t MarkStackSize                            = 4194304                                   {product} {ergonomic}
   size_t MaxHeapSize                              = 17146314752                               {product} {ergonomic}
   size_t MinHeapDeltaBytes                        = 8388608                                   {product} {ergonomic}
   size_t MinHeapSize                              = 8388608                                   {product} {ergonomic}
    uintx NonNMethodCodeHeapSize                   = 5839372                                {pd product} {ergonomic}
    uintx NonProfiledCodeHeapSize                  = 122909434                              {pd product} {ergonomic}
    uintx ProfiledCodeHeapSize                     = 122909434                              {pd product} {ergonomic}
    uintx ReservedCodeCacheSize                    = 251658240                              {pd product} {ergonomic}
     bool SegmentedCodeCache                       = true                                      {product} {ergonomic}
   size_t SoftMaxHeapSize                          = 17146314752                            {manageable} {ergonomic}
     bool UseCompressedClassPointers               = true                           {product lp64_product} {ergonomic}
     bool UseCompressedOops                        = true                           {product lp64_product} {ergonomic}
     bool UseG1GC                                  = true                                      {product} {ergonomic}
     bool UseLargePagesIndividualAllocation        = false                                  {pd product} {ergonomic}

Logging:
Log output configuration:
 #0: stdout all=warning uptime,level,tags
 #1: stderr all=off uptime,level,tags

Environment Variables:
JAVA_HOME=C:\Program Files (x86)\Java\jdk-17
PATH=C:\Program Files\ImageMagick-7.1.0-Q16-HDRI;C:\Program Files\Python38\Scripts\;C:\Program Files\Python38\;C:\Program Files\Common Files\Oracle\Java\javapath;C:\Program Files (x86)\Common Files\Oracle\Java\javapath;C:\Windows\system32;C:\Windows;C:\Windows\System32\Wbem;C:\Windows\System32\WindowsPowerShell\v1.0\;C:\Windows\System32\OpenSSH\;C:\Program Files (x86)\NVIDIA Corporation\PhysX\Common;C:\Program Files\MATLAB\R2021b\runtime\win64;C:\Program Files\MATLAB\R2021b\bin;C:\Program Files\MATLAB\R2019b\bin;C:\Program Files (x86)\NVIDIA Corporation\PhysX\Common;C:\Program Files\MATLAB\R2019b\bin;C:\Users\RegotLab\AppData\Roaming\Python\Python38\;C:\Users\RegotLab\AppData\Roaming\Python\Python38\bin;C:\Users\RegotLab\AppData\Roaming\Python\Python38\site-packages;;C:\Program Files (x86)\Java\jdk-17\bin\server;C:\Program Files (x86)\Java\jdk-17\bin;C:\Program Files (x86)\Java\jdk-17\bin\server;C:\Program Files (x86)\Java\jdk-17\bin;C:\Program Files (x86)\Java\jdk-17\bin\server;C:\Program Files (x86)\Java\jdk-17\bin
USERNAME=RegotLab
OS=Windows_NT
PROCESSOR_IDENTIFIER=Intel64 Family 6 Model 158 Stepping 13, GenuineIntel



---------------  S Y S T E M  ---------------

OS:
 Windows 10 , 64 bit Build 18362 (10.0.18362.1766)
OS uptime: 7 days 19:13 hours

CPU: total 8 (initial active 8) (8 cores per cpu, 1 threads per core) family 6 model 158 stepping 13 microcode 0xb8, cx8, cmov, fxsr, mmx, 3dnowpref, sse, sse2, sse3, ssse3, sse4.1, sse4.2, popcnt, lzcnt, tsc, tscinvbit, avx, avx2, aes, erms, clmul, bmi1, bmi2, rtm, adx, fma, vzeroupper, clflush, clflushopt

Memory: 4k page, system-wide physical 65398M (3919M free)
TotalPageFile size 124913M (AvailPageFile size 350M)
current process WorkingSet (physical memory assigned to process): 137M, peak: 137M
current process commit charge ("private bytes"): 677M, peak: 1701M

vm_info: OpenJDK 64-Bit Server VM (17+35-2724) for windows-amd64 JRE (17+35-2724), built on Aug  5 2021 23:26:02 by "mach5one" with MS VC++ 16.8 (VS2019)

END.
